<?xml version="1.0" encoding="UTF-8"?>
<coverage generated="1745164259132" clover="3.2.0">
  <project timestamp="1745164259132" name="All files">
    <metrics statements="31" coveredstatements="31" conditionals="6" coveredconditionals="6" methods="1" coveredmethods="1" elements="38" coveredelements="38" complexity="0" loc="31" ncloc="31" packages="1" files="1" classes="1"/>
    <file name="palindrome.js" path="C:\Users\Shahwar\assignments\01-js\medium\palindrome.js">
      <metrics statements="31" coveredstatements="31" conditionals="6" coveredconditionals="6" methods="1" coveredmethods="1"/>
      <line num="1" count="1" type="stmt"/>
      <line num="2" count="1" type="stmt"/>
      <line num="3" count="1" type="stmt"/>
      <line num="4" count="1" type="stmt"/>
      <line num="5" count="1" type="stmt"/>
      <line num="6" count="1" type="stmt"/>
      <line num="7" count="1" type="stmt"/>
      <line num="8" count="1" type="stmt"/>
      <line num="9" count="1" type="stmt"/>
      <line num="10" count="1" type="stmt"/>
      <line num="11" count="23" type="cond" truecount="1" falsecount="0"/>
      <line num="12" count="23" type="stmt"/>
      <line num="13" count="23" type="stmt"/>
      <line num="14" count="23" type="stmt"/>
      <line num="15" count="23" type="stmt"/>
      <line num="16" count="23" type="cond" truecount="1" falsecount="0"/>
      <line num="17" count="239" type="cond" truecount="1" falsecount="0"/>
      <line num="18" count="189" type="stmt"/>
      <line num="19" count="189" type="stmt"/>
      <line num="20" count="239" type="cond" truecount="1" falsecount="0"/>
      <line num="21" count="189" type="stmt"/>
      <line num="22" count="189" type="stmt"/>
      <line num="23" count="239" type="stmt"/>
      <line num="24" count="23" type="cond" truecount="1" falsecount="0"/>
      <line num="25" count="20" type="stmt"/>
      <line num="26" count="23" type="cond" truecount="1" falsecount="0"/>
      <line num="27" count="3" type="stmt"/>
      <line num="28" count="3" type="stmt"/>
      <line num="29" count="23" type="stmt"/>
      <line num="30" count="1" type="stmt"/>
      <line num="31" count="1" type="stmt"/>
    </file>
  </project>
</coverage>
