{"C:\\Users\\Shahwar\\assignments\\01-js\\medium\\palindrome.js": {"path":"C:\\Users\\Shahwar\\assignments\\01-js\\medium\\palindrome.js","all":false,"statementMap":{"0":{"start":{"line":1,"column":0},"end":{"line":1,"column":2}},"1":{"start":{"line":2,"column":0},"end":{"line":2,"column":108}},"2":{"start":{"line":3,"column":0},"end":{"line":3,"column":125}},"3":{"start":{"line":4,"column":0},"end":{"line":4,"column":2}},"4":{"start":{"line":5,"column":0},"end":{"line":5,"column":0}},"5":{"start":{"line":6,"column":0},"end":{"line":6,"column":101}},"6":{"start":{"line":7,"column":0},"end":{"line":7,"column":0}},"7":{"start":{"line":8,"column":0},"end":{"line":8,"column":49}},"8":{"start":{"line":9,"column":0},"end":{"line":9,"column":58}},"9":{"start":{"line":10,"column":0},"end":{"line":10,"column":0}},"10":{"start":{"line":11,"column":0},"end":{"line":11,"column":35}},"11":{"start":{"line":12,"column":0},"end":{"line":12,"column":40}},"12":{"start":{"line":13,"column":0},"end":{"line":13,"column":34}},"13":{"start":{"line":14,"column":0},"end":{"line":14,"column":23}},"14":{"start":{"line":15,"column":0},"end":{"line":15,"column":23}},"15":{"start":{"line":16,"column":0},"end":{"line":16,"column":39}},"16":{"start":{"line":17,"column":0},"end":{"line":17,"column":50}},"17":{"start":{"line":18,"column":0},"end":{"line":18,"column":58}},"18":{"start":{"line":19,"column":0},"end":{"line":19,"column":5}},"19":{"start":{"line":20,"column":0},"end":{"line":20,"column":40}},"20":{"start":{"line":21,"column":0},"end":{"line":21,"column":48}},"21":{"start":{"line":22,"column":0},"end":{"line":22,"column":5}},"22":{"start":{"line":23,"column":0},"end":{"line":23,"column":3}},"23":{"start":{"line":24,"column":0},"end":{"line":24,"column":35}},"24":{"start":{"line":25,"column":0},"end":{"line":25,"column":16}},"25":{"start":{"line":26,"column":0},"end":{"line":26,"column":10}},"26":{"start":{"line":27,"column":0},"end":{"line":27,"column":17}},"27":{"start":{"line":28,"column":0},"end":{"line":28,"column":3}},"28":{"start":{"line":29,"column":0},"end":{"line":29,"column":1}},"29":{"start":{"line":30,"column":0},"end":{"line":30,"column":0}},"30":{"start":{"line":31,"column":0},"end":{"line":31,"column":30}}},"s":{"0":1,"1":1,"2":1,"3":1,"4":1,"5":1,"6":1,"7":1,"8":1,"9":1,"10":23,"11":23,"12":23,"13":23,"14":23,"15":23,"16":239,"17":189,"18":189,"19":239,"20":189,"21":189,"22":239,"23":23,"24":20,"25":23,"26":3,"27":3,"28":23,"29":1,"30":1},"branchMap":{"0":{"type":"branch","line":11,"loc":{"start":{"line":11,"column":0},"end":{"line":29,"column":1}},"locations":[{"start":{"line":11,"column":0},"end":{"line":29,"column":1}}]},"1":{"type":"branch","line":16,"loc":{"start":{"line":16,"column":38},"end":{"line":23,"column":3}},"locations":[{"start":{"line":16,"column":38},"end":{"line":23,"column":3}}]},"2":{"type":"branch","line":17,"loc":{"start":{"line":17,"column":49},"end":{"line":19,"column":5}},"locations":[{"start":{"line":17,"column":49},"end":{"line":19,"column":5}}]},"3":{"type":"branch","line":20,"loc":{"start":{"line":20,"column":39},"end":{"line":22,"column":5}},"locations":[{"start":{"line":20,"column":39},"end":{"line":22,"column":5}}]},"4":{"type":"branch","line":24,"loc":{"start":{"line":24,"column":34},"end":{"line":26,"column":3}},"locations":[{"start":{"line":24,"column":34},"end":{"line":26,"column":3}}]},"5":{"type":"branch","line":26,"loc":{"start":{"line":26,"column":3},"end":{"line":28,"column":3}},"locations":[{"start":{"line":26,"column":3},"end":{"line":28,"column":3}}]}},"b":{"0":[23],"1":[239],"2":[189],"3":[189],"4":[20],"5":[3]},"fnMap":{"0":{"name":"isPalindrome","decl":{"start":{"line":11,"column":0},"end":{"line":29,"column":1}},"loc":{"start":{"line":11,"column":0},"end":{"line":29,"column":1}},"line":11}},"f":{"0":23}}
}
